
SQL*Loader: Release 19.0.0.0.0 - Production on Wed May 29 10:40:22 2024
Version 19.3.0.0.0

Copyright (c) 1982, 2019, Oracle and/or its affiliates.  All rights reserved.

Control File:   Control.txt
Data File:      C:\Users\376307\Documents\UiPath\SPL Daily Transactions Details Of Pay U\Report\Pay U_data\Out_data.csv
  Bad File:     Out_data.bad
  Discard File:  none specified
 
 (Allow all discards)

Number to load: ALL
Number to skip: 1
Errors allowed: 50
Continuation:    none specified
Path used:      Direct

Table PAYU_RPA, loaded from every logical record.
Insert option in effect for this table: APPEND
TRAILING NULLCOLS option in effect

   Column Name                  Position   Len  Term Encl Datatype
------------------------------ ---------- ----- ---- ---- ---------------------
TRANS_ID                            FIRST     *   ,  O(") CHARACTER            


Table PAYU_RPA:
  22110 Rows successfully loaded.
  0 Rows not loaded due to data errors.
  0 Rows not loaded because all WHEN clauses were failed.
  0 Rows not loaded because all fields were null.

Bind array size not used in direct path.
Column array  rows :    5000
Stream buffer bytes:  256000
Read   buffer bytes: 1048576

Total logical records skipped:          1
Total logical records read:         22110
Total logical records rejected:         0
Total logical records discarded:        0
Total stream buffers loaded by SQL*Loader main thread:        5
Total stream buffers loaded by SQL*Loader load thread:        0

Run began on Wed May 29 10:40:22 2024
Run ended on Wed May 29 10:40:25 2024

Elapsed time was:     00:00:02.88
CPU time was:         00:00:00.32
